<?xml version="1.0" encoding="UTF-8"?>
<!-- Generated by org.testng.reporters.JUnitReportReporter -->
<testsuite skipped="0" hostname="DESKTOP-MTSHBJ8" name="cheshire.AppTest" tests="3" failures="0" timestamp="15 фев 2019 20:16:16 GMT" time="0.805" errors="0">
  <testcase name="shouldAnswerWithTrue" time="0.000" classname="cheshire.AppTest"/>
  <testcase name="checkAuthInvalidForm" time="0.379" classname="cheshire.AppTest"/>
  <testcase name="checkAuthValidForm" time="0.426" classname="cheshire.AppTest"/>
</testsuite> <!-- cheshire.AppTest -->
